{"/Users/ljoliat/Sites/learning/todo-api/src/app.js": {"path":"/Users/ljoliat/Sites/learning/todo-api/src/app.js","statementMap":{"0":{"start":{"line":5,"column":12},"end":{"line":5,"column":21}},"1":{"start":{"line":6,"column":0},"end":{"line":9,"column":21}}},"fnMap":{},"branchMap":{},"s":{"0":1,"1":1},"f":{},"b":{},"_coverageSchema":"332fd63041d2c1bcb487cc26dd0d5f7d97098a6c","hash":"56076b2a2357a81c9cc4e174f76f88e950e20bf1"}
,"/Users/ljoliat/Sites/learning/todo-api/src/models/Todo.js": {"path":"/Users/ljoliat/Sites/learning/todo-api/src/models/Todo.js","statementMap":{"0":{"start":{"line":3,"column":4},"end":{"line":3,"column":28}},"1":{"start":{"line":4,"column":4},"end":{"line":4,"column":29}},"2":{"start":{"line":6,"column":4},"end":{"line":8,"column":5}},"3":{"start":{"line":7,"column":6},"end":{"line":7,"column":26}}},"fnMap":{"0":{"name":"(anonymous_0)","decl":{"start":{"line":2,"column":2},"end":{"line":2,"column":3}},"loc":{"start":{"line":2,"column":35},"end":{"line":9,"column":3}},"line":2}},"branchMap":{"0":{"loc":{"start":{"line":6,"column":4},"end":{"line":8,"column":5}},"type":"if","locations":[{"start":{"line":6,"column":4},"end":{"line":8,"column":5}},{"start":{"line":6,"column":4},"end":{"line":8,"column":5}}],"line":6},"1":{"loc":{"start":{"line":6,"column":8},"end":{"line":6,"column":76}},"type":"binary-expr","locations":[{"start":{"line":6,"column":8},"end":{"line":6,"column":36}},{"start":{"line":6,"column":40},"end":{"line":6,"column":76}}],"line":6}},"s":{"0":4,"1":4,"2":4,"3":2},"f":{"0":4},"b":{"0":[2,2],"1":[4,3]},"_coverageSchema":"332fd63041d2c1bcb487cc26dd0d5f7d97098a6c","hash":"356aec36227c46c654247e00dde1874341571297"}
,"/Users/ljoliat/Sites/learning/todo-api/src/routes/routes-todo.js": {"path":"/Users/ljoliat/Sites/learning/todo-api/src/routes/routes-todo.js","statementMap":{"0":{"start":{"line":7,"column":15},"end":{"line":7,"column":31}},"1":{"start":{"line":12,"column":0},"end":{"line":23,"column":3}},"2":{"start":{"line":13,"column":17},"end":{"line":13,"column":39}},"3":{"start":{"line":14,"column":2},"end":{"line":22,"column":17}},"4":{"start":{"line":17,"column":22},"end":{"line":17,"column":24}},"5":{"start":{"line":18,"column":6},"end":{"line":18,"column":52}},"6":{"start":{"line":18,"column":28},"end":{"line":18,"column":50}},"7":{"start":{"line":19,"column":6},"end":{"line":20,"column":36}},"8":{"start":{"line":19,"column":26},"end":{"line":19,"column":56}},"9":{"start":{"line":20,"column":11},"end":{"line":20,"column":36}},"10":{"start":{"line":28,"column":0},"end":{"line":50,"column":2}},"11":{"start":{"line":37,"column":19},"end":{"line":37,"column":29}},"12":{"start":{"line":38,"column":4},"end":{"line":48,"column":19}},"13":{"start":{"line":42,"column":8},"end":{"line":46,"column":9}},"14":{"start":{"line":43,"column":10},"end":{"line":43,"column":83}},"15":{"start":{"line":45,"column":10},"end":{"line":45,"column":43}},"16":{"start":{"line":55,"column":0},"end":{"line":81,"column":2}},"17":{"start":{"line":71,"column":17},"end":{"line":71,"column":35}},"18":{"start":{"line":72,"column":4},"end":{"line":79,"column":5}},"19":{"start":{"line":73,"column":6},"end":{"line":76,"column":21}},"20":{"start":{"line":75,"column":26},"end":{"line":75,"column":87}},"21":{"start":{"line":78,"column":6},"end":{"line":78,"column":59}},"22":{"start":{"line":86,"column":0},"end":{"line":100,"column":2}},"23":{"start":{"line":93,"column":19},"end":{"line":93,"column":29}},"24":{"start":{"line":94,"column":19},"end":{"line":94,"column":49}},"25":{"start":{"line":95,"column":4},"end":{"line":98,"column":19}},"26":{"start":{"line":97,"column":18},"end":{"line":97,"column":77}},"27":{"start":{"line":105,"column":0},"end":{"line":147,"column":2}},"28":{"start":{"line":122,"column":19},"end":{"line":122,"column":29}},"29":{"start":{"line":123,"column":32},"end":{"line":123,"column":40}},"30":{"start":{"line":124,"column":19},"end":{"line":124,"column":49}},"31":{"start":{"line":125,"column":4},"end":{"line":145,"column":19}},"32":{"start":{"line":128,"column":8},"end":{"line":143,"column":9}},"33":{"start":{"line":129,"column":23},"end":{"line":132,"column":12}},"34":{"start":{"line":133,"column":10},"end":{"line":140,"column":11}},"35":{"start":{"line":134,"column":12},"end":{"line":137,"column":27}},"36":{"start":{"line":136,"column":26},"end":{"line":136,"column":85}},"37":{"start":{"line":139,"column":12},"end":{"line":139,"column":65}},"38":{"start":{"line":142,"column":10},"end":{"line":142,"column":83}}},"fnMap":{"0":{"name":"(anonymous_0)","decl":{"start":{"line":12,"column":16},"end":{"line":12,"column":17}},"loc":{"start":{"line":12,"column":36},"end":{"line":23,"column":1}},"line":12},"1":{"name":"(anonymous_1)","decl":{"start":{"line":16,"column":10},"end":{"line":16,"column":11}},"loc":{"start":{"line":16,"column":24},"end":{"line":21,"column":5}},"line":16},"2":{"name":"(anonymous_2)","decl":{"start":{"line":18,"column":23},"end":{"line":18,"column":24}},"loc":{"start":{"line":18,"column":28},"end":{"line":18,"column":50}},"line":18},"3":{"name":"(anonymous_3)","decl":{"start":{"line":36,"column":2},"end":{"line":36,"column":3}},"loc":{"start":{"line":36,"column":22},"end":{"line":49,"column":3}},"line":36},"4":{"name":"(anonymous_4)","decl":{"start":{"line":41,"column":12},"end":{"line":41,"column":13}},"loc":{"start":{"line":41,"column":21},"end":{"line":47,"column":7}},"line":41},"5":{"name":"(anonymous_5)","decl":{"start":{"line":70,"column":2},"end":{"line":70,"column":3}},"loc":{"start":{"line":70,"column":22},"end":{"line":80,"column":3}},"line":70},"6":{"name":"(anonymous_6)","decl":{"start":{"line":75,"column":14},"end":{"line":75,"column":15}},"loc":{"start":{"line":75,"column":26},"end":{"line":75,"column":87}},"line":75},"7":{"name":"(anonymous_7)","decl":{"start":{"line":92,"column":2},"end":{"line":92,"column":3}},"loc":{"start":{"line":92,"column":22},"end":{"line":99,"column":3}},"line":92},"8":{"name":"(anonymous_8)","decl":{"start":{"line":97,"column":12},"end":{"line":97,"column":13}},"loc":{"start":{"line":97,"column":18},"end":{"line":97,"column":77}},"line":97},"9":{"name":"(anonymous_9)","decl":{"start":{"line":121,"column":2},"end":{"line":121,"column":3}},"loc":{"start":{"line":121,"column":22},"end":{"line":146,"column":3}},"line":121},"10":{"name":"(anonymous_10)","decl":{"start":{"line":127,"column":12},"end":{"line":127,"column":13}},"loc":{"start":{"line":127,"column":21},"end":{"line":144,"column":7}},"line":127},"11":{"name":"(anonymous_11)","decl":{"start":{"line":136,"column":20},"end":{"line":136,"column":21}},"loc":{"start":{"line":136,"column":26},"end":{"line":136,"column":85}},"line":136}},"branchMap":{"0":{"loc":{"start":{"line":19,"column":6},"end":{"line":20,"column":36}},"type":"if","locations":[{"start":{"line":19,"column":6},"end":{"line":20,"column":36}},{"start":{"line":19,"column":6},"end":{"line":20,"column":36}}],"line":19},"1":{"loc":{"start":{"line":42,"column":8},"end":{"line":46,"column":9}},"type":"if","locations":[{"start":{"line":42,"column":8},"end":{"line":46,"column":9}},{"start":{"line":42,"column":8},"end":{"line":46,"column":9}}],"line":42},"2":{"loc":{"start":{"line":72,"column":4},"end":{"line":79,"column":5}},"type":"if","locations":[{"start":{"line":72,"column":4},"end":{"line":79,"column":5}},{"start":{"line":72,"column":4},"end":{"line":79,"column":5}}],"line":72},"3":{"loc":{"start":{"line":128,"column":8},"end":{"line":143,"column":9}},"type":"if","locations":[{"start":{"line":128,"column":8},"end":{"line":143,"column":9}},{"start":{"line":128,"column":8},"end":{"line":143,"column":9}}],"line":128},"4":{"loc":{"start":{"line":133,"column":10},"end":{"line":140,"column":11}},"type":"if","locations":[{"start":{"line":133,"column":10},"end":{"line":140,"column":11}},{"start":{"line":133,"column":10},"end":{"line":140,"column":11}}],"line":133}},"s":{"0":1,"1":1,"2":1,"3":1,"4":1,"5":1,"6":8,"7":1,"8":1,"9":0,"10":1,"11":0,"12":0,"13":0,"14":0,"15":0,"16":1,"17":1,"18":1,"19":1,"20":1,"21":0,"22":1,"23":0,"24":0,"25":0,"26":0,"27":1,"28":0,"29":0,"30":0,"31":0,"32":0,"33":0,"34":0,"35":0,"36":0,"37":0,"38":0},"f":{"0":1,"1":1,"2":8,"3":0,"4":0,"5":1,"6":1,"7":0,"8":0,"9":0,"10":0,"11":0},"b":{"0":[1,0],"1":[0,0],"2":[1,0],"3":[0,0],"4":[0,0]},"_coverageSchema":"332fd63041d2c1bcb487cc26dd0d5f7d97098a6c","hash":"cc602a7a2fe49597b76ab9472cc1a69b1b1ca3a8"}
,"/Users/ljoliat/Sites/learning/todo-api/src/routes/routes.js": {"path":"/Users/ljoliat/Sites/learning/todo-api/src/routes/routes.js","statementMap":{"0":{"start":{"line":7,"column":15},"end":{"line":7,"column":35}},"1":{"start":{"line":8,"column":0},"end":{"line":12,"column":29}},"2":{"start":{"line":15,"column":0},"end":{"line":15,"column":67}},"3":{"start":{"line":15,"column":30},"end":{"line":15,"column":65}},"4":{"start":{"line":17,"column":21},"end":{"line":20,"column":1}},"5":{"start":{"line":18,"column":2},"end":{"line":18,"column":85}},"6":{"start":{"line":19,"column":2},"end":{"line":19,"column":9}}},"fnMap":{"0":{"name":"(anonymous_0)","decl":{"start":{"line":15,"column":16},"end":{"line":15,"column":17}},"loc":{"start":{"line":15,"column":30},"end":{"line":15,"column":65}},"line":15},"1":{"name":"(anonymous_1)","decl":{"start":{"line":17,"column":21},"end":{"line":17,"column":22}},"loc":{"start":{"line":17,"column":46},"end":{"line":20,"column":1}},"line":17}},"branchMap":{"0":{"loc":{"start":{"line":18,"column":13},"end":{"line":18,"column":30}},"type":"binary-expr","locations":[{"start":{"line":18,"column":13},"end":{"line":18,"column":23}},{"start":{"line":18,"column":27},"end":{"line":18,"column":30}}],"line":18},"1":{"loc":{"start":{"line":18,"column":48},"end":{"line":18,"column":81}},"type":"binary-expr","locations":[{"start":{"line":18,"column":48},"end":{"line":18,"column":59}},{"start":{"line":18,"column":63},"end":{"line":18,"column":81}}],"line":18}},"s":{"0":1,"1":1,"2":1,"3":0,"4":1,"5":0,"6":0},"f":{"0":0,"1":0},"b":{"0":[0,0],"1":[0,0]},"_coverageSchema":"332fd63041d2c1bcb487cc26dd0d5f7d97098a6c","hash":"c01997121a7e0f4436fcfe3c6308dfdccd7cf88a"}
,"/Users/ljoliat/Sites/learning/todo-api/src/utils/utils.js": {"path":"/Users/ljoliat/Sites/learning/todo-api/src/utils/utils.js","statementMap":{"0":{"start":{"line":5,"column":19},"end":{"line":5,"column":40}},"1":{"start":{"line":6,"column":4},"end":{"line":8,"column":5}},"2":{"start":{"line":7,"column":6},"end":{"line":7,"column":62}},"3":{"start":{"line":9,"column":4},"end":{"line":9,"column":18}},"4":{"start":{"line":12,"column":17},"end":{"line":12,"column":42}},"5":{"start":{"line":13,"column":4},"end":{"line":17,"column":5}},"6":{"start":{"line":14,"column":6},"end":{"line":14,"column":13}},"7":{"start":{"line":16,"column":6},"end":{"line":16,"column":43}}},"fnMap":{"0":{"name":"(anonymous_0)","decl":{"start":{"line":4,"column":17},"end":{"line":4,"column":18}},"loc":{"start":{"line":4,"column":37},"end":{"line":10,"column":3}},"line":4},"1":{"name":"(anonymous_1)","decl":{"start":{"line":11,"column":19},"end":{"line":11,"column":20}},"loc":{"start":{"line":11,"column":39},"end":{"line":18,"column":3}},"line":11}},"branchMap":{"0":{"loc":{"start":{"line":6,"column":4},"end":{"line":8,"column":5}},"type":"if","locations":[{"start":{"line":6,"column":4},"end":{"line":8,"column":5}},{"start":{"line":6,"column":4},"end":{"line":8,"column":5}}],"line":6},"1":{"loc":{"start":{"line":13,"column":4},"end":{"line":17,"column":5}},"type":"if","locations":[{"start":{"line":13,"column":4},"end":{"line":17,"column":5}},{"start":{"line":13,"column":4},"end":{"line":17,"column":5}}],"line":13}},"s":{"0":1,"1":1,"2":0,"3":1,"4":2,"5":2,"6":2,"7":0},"f":{"0":1,"1":2},"b":{"0":[0,1],"1":[2,0]},"_coverageSchema":"332fd63041d2c1bcb487cc26dd0d5f7d97098a6c","hash":"1988bf79bcf8e90fb11ca85cdca1efcf6cf4cea9"}
}
