{"/Users/ljoliat/Sites/learning/todo-api/src/models/Todo.js": {"path":"/Users/ljoliat/Sites/learning/todo-api/src/models/Todo.js","statementMap":{"0":{"start":{"line":3,"column":4},"end":{"line":3,"column":23}},"1":{"start":{"line":4,"column":4},"end":{"line":4,"column":25}},"2":{"start":{"line":6,"column":4},"end":{"line":8,"column":5}},"3":{"start":{"line":7,"column":6},"end":{"line":7,"column":26}}},"fnMap":{"0":{"name":"(anonymous_0)","decl":{"start":{"line":2,"column":2},"end":{"line":2,"column":3}},"loc":{"start":{"line":2,"column":33},"end":{"line":9,"column":3}},"line":2}},"branchMap":{"0":{"loc":{"start":{"line":6,"column":4},"end":{"line":8,"column":5}},"type":"if","locations":[{"start":{"line":6,"column":4},"end":{"line":8,"column":5}},{"start":{"line":6,"column":4},"end":{"line":8,"column":5}}],"line":6},"1":{"loc":{"start":{"line":6,"column":8},"end":{"line":6,"column":25}},"type":"binary-expr","locations":[{"start":{"line":6,"column":8},"end":{"line":6,"column":14}},{"start":{"line":6,"column":18},"end":{"line":6,"column":25}}],"line":6}},"s":{"0":3,"1":3,"2":3,"3":2},"f":{"0":3},"b":{"0":[2,1],"1":[3,2]},"_coverageSchema":"332fd63041d2c1bcb487cc26dd0d5f7d97098a6c","hash":"99de4b84ee1e87fcea6a95cf1217aafc3efe1b93"}
,"/Users/ljoliat/Sites/learning/todo-api/src/models/User.js": {"path":"/Users/ljoliat/Sites/learning/todo-api/src/models/User.js","statementMap":{"0":{"start":{"line":3,"column":4},"end":{"line":3,"column":23}},"1":{"start":{"line":4,"column":4},"end":{"line":4,"column":21}},"2":{"start":{"line":6,"column":4},"end":{"line":8,"column":5}},"3":{"start":{"line":7,"column":6},"end":{"line":7,"column":26}}},"fnMap":{"0":{"name":"(anonymous_0)","decl":{"start":{"line":2,"column":2},"end":{"line":2,"column":3}},"loc":{"start":{"line":2,"column":31},"end":{"line":9,"column":3}},"line":2}},"branchMap":{"0":{"loc":{"start":{"line":6,"column":4},"end":{"line":8,"column":5}},"type":"if","locations":[{"start":{"line":6,"column":4},"end":{"line":8,"column":5}},{"start":{"line":6,"column":4},"end":{"line":8,"column":5}}],"line":6},"1":{"loc":{"start":{"line":6,"column":8},"end":{"line":6,"column":23}},"type":"binary-expr","locations":[{"start":{"line":6,"column":8},"end":{"line":6,"column":14}},{"start":{"line":6,"column":18},"end":{"line":6,"column":23}}],"line":6}},"s":{"0":3,"1":3,"2":3,"3":2},"f":{"0":3},"b":{"0":[2,1],"1":[3,2]},"_coverageSchema":"332fd63041d2c1bcb487cc26dd0d5f7d97098a6c","hash":"dfa2e12866f658633ee7f22a7b3066283e4a45a5"}
,"/Users/ljoliat/Sites/learning/todo-api/src/routes/routes-todo.js": {"path":"/Users/ljoliat/Sites/learning/todo-api/src/routes/routes-todo.js","statementMap":{"0":{"start":{"line":1,"column":0},"end":{"line":null,"column":-1}},"1":{"start":{"line":3,"column":15},"end":{"line":3,"column":0}},"2":{"start":{"line":5,"column":0},"end":{"line":null,"column":-1}},"3":{"start":{"line":6,"column":2},"end":{"line":null,"column":-1}}},"fnMap":{"0":{"name":"(anonymous_1)","decl":{"start":{"line":5,"column":16},"end":{"line":5,"column":16}},"loc":{"start":{"line":5,"column":30},"end":{"line":5,"column":0}}}},"branchMap":{},"s":{"0":0,"1":0,"2":0,"3":0},"f":{"0":0},"b":{}}
,"/Users/ljoliat/Sites/learning/todo-api/src/routes/routes-user.js": {"path":"/Users/ljoliat/Sites/learning/todo-api/src/routes/routes-user.js","statementMap":{"0":{"start":{"line":1,"column":0},"end":{"line":null,"column":-1}},"1":{"start":{"line":2,"column":0},"end":{"line":null,"column":-1}},"2":{"start":{"line":3,"column":0},"end":{"line":null,"column":-1}},"3":{"start":{"line":4,"column":0},"end":{"line":null,"column":-1}},"4":{"start":{"line":5,"column":0},"end":{"line":null,"column":-1}},"5":{"start":{"line":7,"column":15},"end":{"line":7,"column":0}},"6":{"start":{"line":11,"column":0},"end":{"line":null,"column":-1}},"7":{"start":{"line":12,"column":19},"end":{"line":12,"column":2}},"8":{"start":{"line":13,"column":2},"end":{"line":null,"column":-1}},"9":{"start":{"line":16,"column":22},"end":{"line":16,"column":6}},"10":{"start":{"line":17,"column":6},"end":{"line":null,"column":-1}},"11":{"start":{"line":17,"column":23},"end":{"line":null,"column":-1}},"12":{"start":{"line":18,"column":6},"end":{"line":22,"column":7}},"13":{"start":{"line":19,"column":8},"end":{"line":null,"column":-1}},"14":{"start":{"line":19,"column":44},"end":{"line":null,"column":-1}},"15":{"start":{"line":21,"column":8},"end":{"line":null,"column":-1}},"16":{"start":{"line":30,"column":0},"end":{"line":null,"column":-1}},"17":{"start":{"line":39,"column":19},"end":{"line":38,"column":22}},"18":{"start":{"line":40,"column":4},"end":{"line":null,"column":-1}},"19":{"start":{"line":44,"column":8},"end":{"line":48,"column":9}},"20":{"start":{"line":45,"column":10},"end":{"line":null,"column":-1}},"21":{"start":{"line":47,"column":10},"end":{"line":null,"column":-1}},"22":{"start":{"line":57,"column":0},"end":{"line":null,"column":-1}},"23":{"start":{"line":58,"column":15},"end":{"line":58,"column":2}},"24":{"start":{"line":59,"column":2},"end":{"line":66,"column":3}},"25":{"start":{"line":60,"column":4},"end":{"line":null,"column":-1}},"26":{"start":{"line":62,"column":12},"end":{"line":null,"column":-1}},"27":{"start":{"line":65,"column":4},"end":{"line":null,"column":-1}},"28":{"start":{"line":72,"column":0},"end":{"line":null,"column":-1}},"29":{"start":{"line":79,"column":19},"end":{"line":78,"column":22}},"30":{"start":{"line":80,"column":20},"end":{"line":80,"column":4}},"31":{"start":{"line":82,"column":4},"end":{"line":null,"column":-1}},"32":{"start":{"line":84,"column":12},"end":{"line":null,"column":-1}},"33":{"start":{"line":92,"column":0},"end":{"line":null,"column":-1}},"34":{"start":{"line":109,"column":19},"end":{"line":108,"column":22}},"35":{"start":{"line":110,"column":28},"end":{"line":108,"column":22}},"36":{"start":{"line":108,"column":22},"end":{"line":108,"column":21}},"37":{"start":{"line":111,"column":20},"end":{"line":111,"column":4}},"38":{"start":{"line":113,"column":4},"end":{"line":null,"column":-1}},"39":{"start":{"line":116,"column":8},"end":{"line":131,"column":9}},"40":{"start":{"line":117,"column":23},"end":{"line":117,"column":10}},"41":{"start":{"line":121,"column":10},"end":{"line":128,"column":11}},"42":{"start":{"line":122,"column":12},"end":{"line":null,"column":-1}},"43":{"start":{"line":124,"column":20},"end":{"line":null,"column":-1}},"44":{"start":{"line":127,"column":12},"end":{"line":null,"column":-1}},"45":{"start":{"line":130,"column":10},"end":{"line":null,"column":-1}}},"fnMap":{"0":{"name":"(anonymous_1)","decl":{"start":{"line":11,"column":16},"end":{"line":11,"column":16}},"loc":{"start":{"line":11,"column":36},"end":{"line":11,"column":0}}},"1":{"name":"(anonymous_2)","decl":{"start":{"line":15,"column":10},"end":{"line":15,"column":10}},"loc":{"start":{"line":15,"column":24},"end":{"line":13,"column":2}}},"2":{"name":"(anonymous_3)","decl":{"start":{"line":17,"column":23},"end":{"line":null,"column":-1}},"loc":{"start":{"line":17,"column":23},"end":{"line":17,"column":6}}},"3":{"name":"(anonymous_4)","decl":{"start":{"line":19,"column":44},"end":{"line":null,"column":-1}},"loc":{"start":{"line":19,"column":44},"end":{"line":19,"column":29}}},"4":{"name":"(anonymous_5)","decl":{"start":{"line":38,"column":2},"end":{"line":38,"column":2}},"loc":{"start":{"line":38,"column":22},"end":{"line":30,"column":0}}},"5":{"name":"(anonymous_6)","decl":{"start":{"line":43,"column":12},"end":{"line":43,"column":12}},"loc":{"start":{"line":43,"column":21},"end":{"line":40,"column":4}}},"6":{"name":"(anonymous_7)","decl":{"start":{"line":57,"column":23},"end":{"line":57,"column":23}},"loc":{"start":{"line":57,"column":43},"end":{"line":57,"column":0}}},"7":{"name":"(anonymous_8)","decl":{"start":{"line":62,"column":12},"end":{"line":null,"column":-1}},"loc":{"start":{"line":62,"column":12},"end":{"line":60,"column":4}}},"8":{"name":"(anonymous_9)","decl":{"start":{"line":78,"column":2},"end":{"line":78,"column":2}},"loc":{"start":{"line":78,"column":22},"end":{"line":72,"column":0}}},"9":{"name":"(anonymous_10)","decl":{"start":{"line":84,"column":12},"end":{"line":null,"column":-1}},"loc":{"start":{"line":84,"column":12},"end":{"line":82,"column":4}}},"10":{"name":"(anonymous_11)","decl":{"start":{"line":108,"column":2},"end":{"line":108,"column":2}},"loc":{"start":{"line":108,"column":22},"end":{"line":92,"column":0}}},"11":{"name":"(anonymous_12)","decl":{"start":{"line":115,"column":12},"end":{"line":115,"column":12}},"loc":{"start":{"line":115,"column":21},"end":{"line":113,"column":4}}},"12":{"name":"(anonymous_13)","decl":{"start":{"line":124,"column":20},"end":{"line":null,"column":-1}},"loc":{"start":{"line":124,"column":20},"end":{"line":122,"column":12}}}},"branchMap":{"0":{"loc":{"start":{"line":18,"column":6},"end":{"line":22,"column":7}},"type":"if","locations":[{"start":{"line":18,"column":6},"end":{"line":22,"column":7}},{"start":{"line":18,"column":6},"end":{"line":22,"column":7}}]},"1":{"loc":{"start":{"line":44,"column":8},"end":{"line":48,"column":9}},"type":"if","locations":[{"start":{"line":44,"column":8},"end":{"line":48,"column":9}},{"start":{"line":44,"column":8},"end":{"line":48,"column":9}}]},"2":{"loc":{"start":{"line":59,"column":2},"end":{"line":66,"column":3}},"type":"if","locations":[{"start":{"line":59,"column":2},"end":{"line":66,"column":3}},{"start":{"line":59,"column":2},"end":{"line":66,"column":3}}]},"3":{"loc":{"start":{"line":116,"column":8},"end":{"line":131,"column":9}},"type":"if","locations":[{"start":{"line":116,"column":8},"end":{"line":131,"column":9}},{"start":{"line":116,"column":8},"end":{"line":131,"column":9}}]},"4":{"loc":{"start":{"line":121,"column":10},"end":{"line":128,"column":11}},"type":"if","locations":[{"start":{"line":121,"column":10},"end":{"line":128,"column":11}},{"start":{"line":121,"column":10},"end":{"line":128,"column":11}}]}},"s":{"0":0,"1":0,"2":0,"3":0,"4":0,"5":0,"6":0,"7":0,"8":0,"9":0,"10":0,"11":0,"12":0,"13":0,"14":0,"15":0,"16":0,"17":0,"18":0,"19":0,"20":0,"21":0,"22":0,"23":0,"24":0,"25":0,"26":0,"27":0,"28":0,"29":0,"30":0,"31":0,"32":0,"33":0,"34":0,"35":0,"36":0,"37":0,"38":0,"39":0,"40":0,"41":0,"42":0,"43":0,"44":0,"45":0},"f":{"0":0,"1":0,"2":0,"3":0,"4":0,"5":0,"6":0,"7":0,"8":0,"9":0,"10":0,"11":0,"12":0},"b":{"0":[0,0],"1":[0,0],"2":[0,0],"3":[0,0],"4":[0,0]}}
,"/Users/ljoliat/Sites/learning/todo-api/src/routes/routes.js": {"path":"/Users/ljoliat/Sites/learning/todo-api/src/routes/routes.js","statementMap":{"0":{"start":{"line":1,"column":0},"end":{"line":null,"column":-1}},"1":{"start":{"line":2,"column":0},"end":{"line":null,"column":-1}},"2":{"start":{"line":3,"column":0},"end":{"line":null,"column":-1}},"3":{"start":{"line":4,"column":0},"end":{"line":null,"column":-1}},"4":{"start":{"line":5,"column":0},"end":{"line":null,"column":-1}},"5":{"start":{"line":6,"column":0},"end":{"line":null,"column":-1}},"6":{"start":{"line":8,"column":15},"end":{"line":8,"column":0}},"7":{"start":{"line":9,"column":0},"end":{"line":null,"column":-1}},"8":{"start":{"line":17,"column":0},"end":{"line":null,"column":-1}},"9":{"start":{"line":17,"column":16},"end":{"line":null,"column":-1}},"10":{"start":{"line":19,"column":21},"end":{"line":19,"column":0}},"11":{"start":{"line":20,"column":2},"end":{"line":null,"column":-1}}},"fnMap":{"0":{"name":"(anonymous_1)","decl":{"start":{"line":17,"column":16},"end":{"line":17,"column":16}},"loc":{"start":{"line":17,"column":16},"end":{"line":17,"column":0}}},"1":{"name":"errorHandler","decl":{"start":{"line":19,"column":6},"end":{"line":19,"column":21}},"loc":{"start":{"line":19,"column":40},"end":{"line":19,"column":0}}}},"branchMap":{"0":{"loc":{"start":{"line":20,"column":13},"end":{"line":20,"column":12}},"type":"binary-expr","locations":[{"start":{"line":20,"column":13},"end":{"line":20,"column":12}},{"start":{"line":20,"column":27},"end":{"line":20,"column":2}}]},"1":{"loc":{"start":{"line":20,"column":48},"end":{"line":20,"column":47}},"type":"binary-expr","locations":[{"start":{"line":20,"column":48},"end":{"line":20,"column":47}},{"start":{"line":20,"column":63},"end":{"line":20,"column":37}}]}},"s":{"0":0,"1":0,"2":0,"3":0,"4":0,"5":0,"6":0,"7":0,"8":0,"9":0,"10":0,"11":0},"f":{"0":0,"1":0},"b":{"0":[0,0],"1":[0,0]}}
,"/Users/ljoliat/Sites/learning/todo-api/src/utils/utils.js": {"path":"/Users/ljoliat/Sites/learning/todo-api/src/utils/utils.js","statementMap":{"0":{"start":{"line":1,"column":0},"end":{"line":null,"column":-1}},"1":{"start":{"line":5,"column":19},"end":{"line":5,"column":4}},"2":{"start":{"line":6,"column":4},"end":{"line":8,"column":5}},"3":{"start":{"line":7,"column":6},"end":{"line":null,"column":-1}},"4":{"start":{"line":9,"column":4},"end":{"line":null,"column":-1}},"5":{"start":{"line":12,"column":17},"end":{"line":12,"column":4}},"6":{"start":{"line":13,"column":4},"end":{"line":17,"column":5}},"7":{"start":{"line":14,"column":6},"end":{"line":null,"column":-1}},"8":{"start":{"line":16,"column":6},"end":{"line":null,"column":-1}}},"fnMap":{"0":{"name":"failIfInvalid","decl":{"start":{"line":4,"column":17},"end":{"line":4,"column":17}},"loc":{"start":{"line":4,"column":37},"end":{"line":3,"column":15}}},"1":{"name":"isAuthenticated","decl":{"start":{"line":11,"column":19},"end":{"line":11,"column":19}},"loc":{"start":{"line":11,"column":39},"end":{"line":18,"column":3}}}},"branchMap":{"0":{"loc":{"start":{"line":6,"column":4},"end":{"line":8,"column":5}},"type":"if","locations":[{"start":{"line":6,"column":4},"end":{"line":8,"column":5}},{"start":{"line":6,"column":4},"end":{"line":8,"column":5}}]},"1":{"loc":{"start":{"line":13,"column":4},"end":{"line":17,"column":5}},"type":"if","locations":[{"start":{"line":13,"column":4},"end":{"line":17,"column":5}},{"start":{"line":13,"column":4},"end":{"line":17,"column":5}}]}},"s":{"0":0,"1":0,"2":0,"3":0,"4":0,"5":0,"6":0,"7":0,"8":0},"f":{"0":0,"1":0},"b":{"0":[0,0],"1":[0,0]}}
}
