TN:
SF:/Users/ljoliat/Sites/learning/todo-api/src/app.js
FNF:0
FNH:0
DA:5,1
DA:6,1
LF:2
LH:2
BRF:0
BRH:0
end_of_record
TN:
SF:/Users/ljoliat/Sites/learning/todo-api/src/models/Todo.js
FN:2,(anonymous_0)
FNF:1
FNH:1
FNDA:4,(anonymous_0)
DA:3,4
DA:4,4
DA:6,4
DA:7,2
LF:4
LH:4
BRDA:6,0,0,2
BRDA:6,0,1,2
BRDA:6,1,0,4
BRDA:6,1,1,3
BRF:4
BRH:4
end_of_record
TN:
SF:/Users/ljoliat/Sites/learning/todo-api/src/routes/routes-todo.js
FN:12,(anonymous_0)
FN:16,(anonymous_1)
FN:18,(anonymous_2)
FN:36,(anonymous_3)
FN:41,(anonymous_4)
FN:70,(anonymous_5)
FN:75,(anonymous_6)
FN:92,(anonymous_7)
FN:97,(anonymous_8)
FN:121,(anonymous_9)
FN:127,(anonymous_10)
FN:136,(anonymous_11)
FNF:12
FNH:5
FNDA:1,(anonymous_0)
FNDA:1,(anonymous_1)
FNDA:8,(anonymous_2)
FNDA:0,(anonymous_3)
FNDA:0,(anonymous_4)
FNDA:1,(anonymous_5)
FNDA:1,(anonymous_6)
FNDA:0,(anonymous_7)
FNDA:0,(anonymous_8)
FNDA:0,(anonymous_9)
FNDA:0,(anonymous_10)
FNDA:0,(anonymous_11)
DA:7,1
DA:12,1
DA:13,1
DA:14,1
DA:17,1
DA:18,8
DA:19,1
DA:20,0
DA:28,1
DA:37,0
DA:38,0
DA:42,0
DA:43,0
DA:45,0
DA:55,1
DA:71,1
DA:72,1
DA:73,1
DA:75,1
DA:78,0
DA:86,1
DA:93,0
DA:94,0
DA:95,0
DA:97,0
DA:105,1
DA:122,0
DA:123,0
DA:124,0
DA:125,0
DA:128,0
DA:129,0
DA:133,0
DA:134,0
DA:136,0
DA:139,0
DA:142,0
LF:37
LH:15
BRDA:19,0,0,1
BRDA:19,0,1,0
BRDA:42,1,0,0
BRDA:42,1,1,0
BRDA:72,2,0,1
BRDA:72,2,1,0
BRDA:128,3,0,0
BRDA:128,3,1,0
BRDA:133,4,0,0
BRDA:133,4,1,0
BRF:10
BRH:2
end_of_record
TN:
SF:/Users/ljoliat/Sites/learning/todo-api/src/routes/routes.js
FN:15,(anonymous_0)
FN:17,(anonymous_1)
FNF:2
FNH:0
FNDA:0,(anonymous_0)
FNDA:0,(anonymous_1)
DA:7,1
DA:8,1
DA:15,1
DA:17,1
DA:18,0
DA:19,0
LF:6
LH:4
BRDA:18,0,0,0
BRDA:18,0,1,0
BRDA:18,1,0,0
BRDA:18,1,1,0
BRF:4
BRH:0
end_of_record
TN:
SF:/Users/ljoliat/Sites/learning/todo-api/src/utils/utils.js
FN:4,(anonymous_0)
FN:11,(anonymous_1)
FNF:2
FNH:2
FNDA:1,(anonymous_0)
FNDA:2,(anonymous_1)
DA:5,1
DA:6,1
DA:7,0
DA:9,1
DA:12,2
DA:13,2
DA:14,2
DA:16,0
LF:8
LH:6
BRDA:6,0,0,0
BRDA:6,0,1,1
BRDA:13,1,0,2
BRDA:13,1,1,0
BRF:4
BRH:2
end_of_record
